<?xml version="1.0" encoding="UTF-8"?>
<!-- Generated by org.testng.reporters.JUnitReportReporter -->
<testsuite hostname="jack-PC" name="org.grapeCity.restAssignment.utilities.UtilsTest" tests="13" failures="0" timestamp="18 Jan 2014 19:30:42 GMT" time="0.003" errors="0">
  <testcase name="testCheckNullOrBlank_3" time="0.000" classname="org.grapeCity.restAssignment.utilities.UtilsTest"/>
  <testcase name="testCheckNullOrBlank_10" time="0.000" classname="org.grapeCity.restAssignment.utilities.UtilsTest"/>
  <testcase name="testCheckNullOrBlank_5" time="0.000" classname="org.grapeCity.restAssignment.utilities.UtilsTest"/>
  <testcase name="testCheckNullOrBlank_2" time="0.000" classname="org.grapeCity.restAssignment.utilities.UtilsTest"/>
  <testcase name="testCheckNullOrBlank_1" time="0.000" classname="org.grapeCity.restAssignment.utilities.UtilsTest"/>
  <testcase name="testCheckNullOrBlank_6" time="0.003" classname="org.grapeCity.restAssignment.utilities.UtilsTest"/>
  <testcase name="testCheckNullOrBlank_4" time="0.000" classname="org.grapeCity.restAssignment.utilities.UtilsTest"/>
  <testcase name="testCheckNullOrBlank_12" time="0.000" classname="org.grapeCity.restAssignment.utilities.UtilsTest"/>
  <testcase name="testCheckNullOrBlank_7" time="0.000" classname="org.grapeCity.restAssignment.utilities.UtilsTest"/>
  <testcase name="testCheckNullOrBlank_9" time="0.000" classname="org.grapeCity.restAssignment.utilities.UtilsTest"/>
  <testcase name="testCheckNullOrBlank_13" time="0.000" classname="org.grapeCity.restAssignment.utilities.UtilsTest"/>
  <testcase name="testCheckNullOrBlank_11" time="0.000" classname="org.grapeCity.restAssignment.utilities.UtilsTest"/>
  <testcase name="testCheckNullOrBlank_8" time="0.000" classname="org.grapeCity.restAssignment.utilities.UtilsTest"/>
</testsuite>
