<?xml version="1.0" encoding="UTF-8"?>
<!-- Generated by org.testng.reporters.JUnitReportReporter -->
<testsuite hostname="jack-PC" name="org.grapeCity.restAssignment.domain.FilesTest" tests="18" failures="0" timestamp="18 Jan 2014 19:30:42 GMT" time="0.000" errors="0">
  <testcase name="testGetAbsolutePath_1" time="0.000" classname="org.grapeCity.restAssignment.domain.FilesTest"/>
  <testcase name="testSetMtime_1" time="0.000" classname="org.grapeCity.restAssignment.domain.FilesTest"/>
  <testcase name="testGetWritable_2" time="0.000" classname="org.grapeCity.restAssignment.domain.FilesTest"/>
  <testcase name="testGetType_1" time="0.000" classname="org.grapeCity.restAssignment.domain.FilesTest"/>
  <testcase name="testGetSize_1" time="0.000" classname="org.grapeCity.restAssignment.domain.FilesTest"/>
  <testcase name="testGetExecutable_1" time="0.000" classname="org.grapeCity.restAssignment.domain.FilesTest"/>
  <testcase name="testGetMtime_1" time="0.000" classname="org.grapeCity.restAssignment.domain.FilesTest"/>
  <testcase name="testSetWritable_1" time="0.000" classname="org.grapeCity.restAssignment.domain.FilesTest"/>
  <testcase name="testGetReadable_1" time="0.000" classname="org.grapeCity.restAssignment.domain.FilesTest"/>
  <testcase name="testGetMtime_2" time="0.000" classname="org.grapeCity.restAssignment.domain.FilesTest"/>
  <testcase name="testSetReadable_1" time="0.000" classname="org.grapeCity.restAssignment.domain.FilesTest"/>
  <testcase name="testGetReadable_2" time="0.000" classname="org.grapeCity.restAssignment.domain.FilesTest"/>
  <testcase name="testSetAbsolutePath_1" time="0.000" classname="org.grapeCity.restAssignment.domain.FilesTest"/>
  <testcase name="testGetExecutable_2" time="0.000" classname="org.grapeCity.restAssignment.domain.FilesTest"/>
  <testcase name="testSetSize_1" time="0.000" classname="org.grapeCity.restAssignment.domain.FilesTest"/>
  <testcase name="testSetType_1" time="0.000" classname="org.grapeCity.restAssignment.domain.FilesTest"/>
  <testcase name="testGetWritable_1" time="0.000" classname="org.grapeCity.restAssignment.domain.FilesTest"/>
  <testcase name="testSetExecutable_1" time="0.000" classname="org.grapeCity.restAssignment.domain.FilesTest"/>
</testsuite>
