<?xml version="1.0" encoding="UTF-8"?>
<!-- Generated by org.testng.reporters.JUnitReportReporter -->
<testsuite hostname="jack-PC" name="org.grapeCity.restAssignment.domain.DirectoryTest" tests="8" failures="0" timestamp="18 Jan 2014 19:30:42 GMT" time="0.002" errors="0">
  <testcase name="testGetType_1" time="0.000" classname="org.grapeCity.restAssignment.domain.DirectoryTest"/>
  <testcase name="testSetAbsolutePath_1" time="0.000" classname="org.grapeCity.restAssignment.domain.DirectoryTest"/>
  <testcase name="testSetSize_1" time="0.000" classname="org.grapeCity.restAssignment.domain.DirectoryTest"/>
  <testcase name="testGetSize_1" time="0.000" classname="org.grapeCity.restAssignment.domain.DirectoryTest"/>
  <testcase name="testGetAbsolutePath_1" time="0.002" classname="org.grapeCity.restAssignment.domain.DirectoryTest"/>
  <testcase name="testGetDirectoryOrFiles_1" time="0.000" classname="org.grapeCity.restAssignment.domain.DirectoryTest"/>
  <testcase name="testSetType_1" time="0.000" classname="org.grapeCity.restAssignment.domain.DirectoryTest"/>
  <testcase name="testGetDirectoryOrFiles_2" time="0.000" classname="org.grapeCity.restAssignment.domain.DirectoryTest"/>
</testsuite>
